2025-05-23T17:33:06.554+05:30  INFO 14320 --- [restartedMain] com.example.addressbookapp.Application   : Starting Application using Java 21.0.6 with PID 14320 (C:\Users\HARINI PAMUJULA\workspace-spring-tools-for-eclipse-4.30.0.RELEASE\05-Spring_Addressbook_App\target\classes started by HARINI PAMUJULA in C:\Users\HARINI PAMUJULA\workspace-spring-tools-for-eclipse-4.30.0.RELEASE\05-Spring_Addressbook_App)
2025-05-23T17:33:06.556+05:30 DEBUG 14320 --- [restartedMain] com.example.addressbookapp.Application   : Running with Spring Boot v3.4.5, Spring v6.2.6
2025-05-23T17:33:06.557+05:30  INFO 14320 --- [restartedMain] com.example.addressbookapp.Application   : The following 1 profile is active: "prod"
2025-05-23T17:33:06.605+05:30  INFO 14320 --- [restartedMain] .e.DevToolsPropertyDefaultsPostProcessor : Devtools property defaults active! Set 'spring.devtools.add-properties' to 'false' to disable
2025-05-23T17:33:06.606+05:30  INFO 14320 --- [restartedMain] .e.DevToolsPropertyDefaultsPostProcessor : For additional web related logging consider setting the 'logging.level.web' property to 'DEBUG'
2025-05-23T17:33:07.261+05:30  INFO 14320 --- [restartedMain] .s.d.r.c.RepositoryConfigurationDelegate : Bootstrapping Spring Data JPA repositories in DEFAULT mode.
2025-05-23T17:33:07.319+05:30  INFO 14320 --- [restartedMain] .s.d.r.c.RepositoryConfigurationDelegate : Finished Spring Data repository scanning in 48 ms. Found 1 JPA repository interface.
2025-05-23T17:33:07.828+05:30  INFO 14320 --- [restartedMain] o.s.b.w.embedded.tomcat.TomcatWebServer  : Tomcat initialized with port 8080 (http)
2025-05-23T17:33:07.841+05:30  INFO 14320 --- [restartedMain] o.apache.catalina.core.StandardService   : Starting service [Tomcat]
2025-05-23T17:33:07.841+05:30  INFO 14320 --- [restartedMain] o.apache.catalina.core.StandardEngine    : Starting Servlet engine: [Apache Tomcat/10.1.40]
2025-05-23T17:33:07.914+05:30  INFO 14320 --- [restartedMain] o.a.c.c.C.[Tomcat].[localhost].[/]       : Initializing Spring embedded WebApplicationContext
2025-05-23T17:33:07.914+05:30  INFO 14320 --- [restartedMain] w.s.c.ServletWebServerApplicationContext : Root WebApplicationContext: initialization completed in 1307 ms
2025-05-23T17:33:08.056+05:30  INFO 14320 --- [restartedMain] com.zaxxer.hikari.HikariDataSource       : HikariPool-1 - Starting...
2025-05-23T17:33:08.281+05:30  INFO 14320 --- [restartedMain] com.zaxxer.hikari.pool.HikariPool        : HikariPool-1 - Added connection conn0: url=jdbc:h2:mem:1d17cf4f-691d-4aed-8bca-1826d38357f5 user=SA
2025-05-23T17:33:08.282+05:30  INFO 14320 --- [restartedMain] com.zaxxer.hikari.HikariDataSource       : HikariPool-1 - Start completed.
2025-05-23T17:33:08.323+05:30  INFO 14320 --- [restartedMain] o.hibernate.jpa.internal.util.LogHelper  : HHH000204: Processing PersistenceUnitInfo [name: default]
2025-05-23T17:33:08.368+05:30  INFO 14320 --- [restartedMain] org.hibernate.Version                    : HHH000412: Hibernate ORM core version 6.6.13.Final
2025-05-23T17:33:08.397+05:30  INFO 14320 --- [restartedMain] o.h.c.internal.RegionFactoryInitiator    : HHH000026: Second-level cache disabled
2025-05-23T17:33:08.636+05:30  INFO 14320 --- [restartedMain] o.s.o.j.p.SpringPersistenceUnitInfo      : No LoadTimeWeaver setup: ignoring JPA class transformer
2025-05-23T17:33:08.713+05:30  INFO 14320 --- [restartedMain] org.hibernate.orm.connections.pooling    : HHH10001005: Database info:
	Database JDBC URL [Connecting through datasource 'HikariDataSource (HikariPool-1)']
	Database driver: undefined/unknown
	Database version: 2.3.232
	Autocommit mode: undefined/unknown
	Isolation level: undefined/unknown
	Minimum pool size: undefined/unknown
	Maximum pool size: undefined/unknown
2025-05-23T17:33:09.490+05:30  INFO 14320 --- [restartedMain] o.h.e.t.j.p.i.JtaPlatformInitiator       : HHH000489: No JTA platform available (set 'hibernate.transaction.jta.platform' to enable JTA platform integration)
2025-05-23T17:33:09.540+05:30  INFO 14320 --- [restartedMain] j.LocalContainerEntityManagerFactoryBean : Initialized JPA EntityManagerFactory for persistence unit 'default'
2025-05-23T17:33:09.921+05:30  WARN 14320 --- [restartedMain] JpaBaseConfiguration$JpaWebConfiguration : spring.jpa.open-in-view is enabled by default. Therefore, database queries may be performed during view rendering. Explicitly configure spring.jpa.open-in-view to disable this warning
2025-05-23T17:33:10.274+05:30  INFO 14320 --- [restartedMain] o.s.b.a.h2.H2ConsoleAutoConfiguration    : H2 console available at '/h2-console'. Database available at 'jdbc:h2:mem:1d17cf4f-691d-4aed-8bca-1826d38357f5'
2025-05-23T17:33:10.340+05:30  INFO 14320 --- [restartedMain] o.s.b.d.a.OptionalLiveReloadServer       : LiveReload server is running on port 35729
2025-05-23T17:33:10.382+05:30  INFO 14320 --- [restartedMain] o.s.b.w.embedded.tomcat.TomcatWebServer  : Tomcat started on port 8080 (http) with context path '/'
2025-05-23T17:33:10.392+05:30  INFO 14320 --- [restartedMain] com.example.addressbookapp.Application   : Started Application in 4.254 seconds (process running for 4.882)
2025-05-23T17:33:10.395+05:30  INFO 14320 --- [restartedMain] com.example.addressbookapp.Application   : Active Spring profiles: [prod]
2025-05-23T17:33:25.834+05:30  INFO 14320 --- [RMI TCP Connection(7)-127.0.0.1] inMXBeanRegistrar$SpringApplicationAdmin : Application shutdown requested.
2025-05-23T17:33:25.840+05:30  INFO 14320 --- [RMI TCP Connection(7)-127.0.0.1] o.s.b.w.e.tomcat.GracefulShutdown        : Commencing graceful shutdown. Waiting for active requests to complete
2025-05-23T17:33:25.860+05:30  INFO 14320 --- [tomcat-shutdown] o.s.b.w.e.tomcat.GracefulShutdown        : Graceful shutdown complete
2025-05-23T17:33:25.868+05:30  INFO 14320 --- [RMI TCP Connection(7)-127.0.0.1] j.LocalContainerEntityManagerFactoryBean : Closing JPA EntityManagerFactory for persistence unit 'default'
2025-05-23T17:33:25.884+05:30  WARN 14320 --- [RMI TCP Connection(7)-127.0.0.1] o.s.b.f.support.DisposableBeanAdapter    : Invocation of destroy method failed on bean with name 'inMemoryDatabaseShutdownExecutor': org.h2.jdbc.JdbcSQLNonTransientConnectionException: Database is already closed (to disable automatic closing at VM shutdown, add ";DB_CLOSE_ON_EXIT=FALSE" to the db URL) [90121-232]
2025-05-23T17:33:25.885+05:30  INFO 14320 --- [RMI TCP Connection(7)-127.0.0.1] com.zaxxer.hikari.HikariDataSource       : HikariPool-1 - Shutdown initiated...
2025-05-23T17:33:25.889+05:30  INFO 14320 --- [RMI TCP Connection(7)-127.0.0.1] com.zaxxer.hikari.HikariDataSource       : HikariPool-1 - Shutdown completed.
